<?xml version="1.0" encoding="UTF-8"?>
<!-- Generated by org.testng.reporters.JUnitXMLReporter -->
<testsuite hostname="DESKTOP-3MLRAML" name="Test" tests="4" failures="0" timestamp="11 Jul 2021 22:45:36 GMT" time="29.31" errors="0">
  <testcase name="verifyPageTitle" time="0.111" classname="Academy.LandingPageVerify"/>
  <testcase name="verifyLogin" time="8.36" classname="Academy.HomePage"/>
  <testcase name="verifyLogin" time="3.903" classname="Academy.HomePage"/>
  <testcase name="verifyNavBarDisplay" time="0.124" classname="Academy.VerifyNavBar"/>
</testsuite> <!-- Test -->
