<?xml version="1.0" encoding="UTF-8"?>
<!-- Generated by org.testng.reporters.JUnitXMLReporter -->
<testsuite hostname="DESKTOP-3MLRAML" name="Test" tests="3" failures="0" timestamp="11 Jul 2021 19:19:07 GMT" time="23.817" errors="0">
  <testcase name="verifyPageTitle" time="0.107" classname="Academy.LandingPageVerify"/>
  <testcase name="verifyLogin" time="3.335" classname="Academy.HomePage"/>
  <testcase name="verifyNavBarDisplay" time="0.093" classname="Academy.VerifyNavBar"/>
</testsuite> <!-- Test -->
