<?xml version="1.0" encoding="UTF-8"?>
<!-- Generated by org.testng.reporters.JUnitXMLReporter -->
<testsuite hostname="DESKTOP-3MLRAML" name="Verifying navbar links display" tests="1" failures="0" timestamp="2 Aug 2021 00:11:02 GMT" time="0.085" errors="0">
  <testcase name="@BeforeTest initilizeDriver" time="0.0" classname="Academy.VerifyNavBar">
    <failure type="java.lang.NullPointerException">
      <![CDATA[java.lang.NullPointerException
	at resources.base.initializeDriver(base.java:38)
	at Academy.VerifyNavBar.initilizeDriver(VerifyNavBar.java:19)
	at java.util.concurrent.FutureTask.run(FutureTask.java:266)
	at java.util.concurrent.ThreadPoolExecutor.runWorker(ThreadPoolExecutor.java:1149)
	at java.util.concurrent.ThreadPoolExecutor$Worker.run(ThreadPoolExecutor.java:624)
	at java.lang.Thread.run(Thread.java:748)
... Removed 14 stack frames]]>
    </failure>
  </testcase> <!-- @BeforeTest initilizeDriver -->
  <testcase name="@AfterTest tearDown" time="0.0" classname="Academy.VerifyNavBar">
    <skipped/>
  </testcase> <!-- @AfterTest tearDown -->
  <testcase name="verifyNavBarDisplay" time="0.005" classname="Academy.VerifyNavBar">
    <skipped/>
  </testcase> <!-- verifyNavBarDisplay -->
</testsuite> <!-- Verifying navbar links display -->
