<?xml version="1.0" encoding="UTF-8"?>
<!-- Generated by org.testng.reporters.JUnitXMLReporter -->
<testsuite hostname="DESKTOP-3MLRAML" name="Verifying page title" tests="1" failures="1" timestamp="12 Jul 2021 13:52:43 GMT" time="8.585" errors="0">
  <testcase name="verifyAppTitle" time="0.11" classname="Academy.LandingPageVerify">
    <failure type="java.lang.AssertionError" message="expected [FEATURED23 COURSES] but found [FEATURED COURSES]">
      <![CDATA[java.lang.AssertionError: expected [FEATURED23 COURSES] but found [FEATURED COURSES]
	at Academy.LandingPageVerify.verifyAppTitle(LandingPageVerify.java:26)
... Removed 29 stack frames]]>
    </failure>
  </testcase> <!-- verifyAppTitle -->
</testsuite> <!-- Verifying page title -->
