<?xml version="1.0" encoding="UTF-8"?>
<!-- Generated by org.testng.reporters.JUnitXMLReporter -->
<testsuite hostname="DESKTOP-3MLRAML" name="Test" tests="4" failures="0" timestamp="11 Jul 2021 22:53:47 GMT" time="30.958" errors="0">
  <testcase name="verifyPageTitle" time="0.128" classname="Academy.LandingPageVerify"/>
  <testcase name="verifyLogin" time="7.426" classname="Academy.HomePage"/>
  <testcase name="verifyLogin" time="4.409" classname="Academy.HomePage"/>
  <testcase name="verifyNavBarDisplay" time="0.163" classname="Academy.VerifyNavBar"/>
</testsuite> <!-- Test -->
