<?xml version="1.0" encoding="UTF-8"?>
<!-- Generated by org.testng.reporters.JUnitXMLReporter -->
<testsuite hostname="DESKTOP-3MLRAML" name="Test" tests="4" failures="0" timestamp="11 Jul 2021 19:35:12 GMT" time="29.093" errors="0">
  <testcase name="verifyPageTitle" time="0.12" classname="Academy.LandingPageVerify"/>
  <testcase name="verifyLogin" time="8.032" classname="Academy.HomePage"/>
  <testcase name="verifyLogin" time="5.254" classname="Academy.HomePage"/>
  <testcase name="verifyNavBarDisplay" time="0.284" classname="Academy.VerifyNavBar"/>
</testsuite> <!-- Test -->
