<?xml version="1.0" encoding="UTF-8"?>
<!-- Generated by org.testng.reporters.JUnitXMLReporter -->
<testsuite hostname="DESKTOP-3MLRAML" name="Verifying page title" tests="2" failures="1" timestamp="26 Jul 2021 13:20:10 GMT" time="12.962" errors="0">
  <testcase name="verifyAppTitle" time="0.204" classname="Academy.LandingPageVerify">
    <failure type="java.lang.AssertionError" message="expected [FEATURED23 COURSES] but found [FEATURED COURSES]">
      <![CDATA[java.lang.AssertionError: expected [FEATURED23 COURSES] but found [FEATURED COURSES]
	at Academy.LandingPageVerify.verifyAppTitle(LandingPageVerify.java:26)
	at java.util.concurrent.FutureTask.run(FutureTask.java:266)
	at java.util.concurrent.ThreadPoolExecutor.runWorker(ThreadPoolExecutor.java:1149)
	at java.util.concurrent.ThreadPoolExecutor$Worker.run(ThreadPoolExecutor.java:624)
	at java.lang.Thread.run(Thread.java:748)
... Removed 21 stack frames]]>
    </failure>
  </testcase> <!-- verifyAppTitle -->
  <testcase name="verifyHeader" time="0.0" classname="Academy.LandingPageVerify"/>
</testsuite> <!-- Verifying page title -->
