<?xml version="1.0" encoding="UTF-8"?>
<!-- Generated by org.testng.reporters.JUnitXMLReporter -->
<testsuite hostname="DESKTOP-3MLRAML" name="Verifying page title" tests="2" failures="0" timestamp="31 Jul 2023 22:40:24 GMT" time="0.409" errors="0">
  <testcase name="@BeforeTest initilizeDriver1" time="0.0" classname="Academy.LandingPageVerify">
    <failure type="java.lang.NullPointerException">
      <![CDATA[java.lang.NullPointerException
	at resources.base.initializeDriver(base.java:57)
	at Academy.LandingPageVerify.initilizeDriver1(LandingPageVerify.java:23)
	at java.util.concurrent.FutureTask.run(FutureTask.java:266)
	at java.util.concurrent.ThreadPoolExecutor.runWorker(ThreadPoolExecutor.java:1149)
	at java.util.concurrent.ThreadPoolExecutor$Worker.run(ThreadPoolExecutor.java:624)
	at java.lang.Thread.run(Thread.java:748)
... Removed 14 stack frames]]>
    </failure>
  </testcase> <!-- @BeforeTest initilizeDriver1 -->
  <testcase name="@AfterTest tearDown" time="0.0" classname="Academy.LandingPageVerify">
    <skipped/>
  </testcase> <!-- @AfterTest tearDown -->
  <testcase name="verifyAppTitle" time="0.004" classname="Academy.LandingPageVerify">
    <skipped/>
  </testcase> <!-- verifyAppTitle -->
  <testcase name="verifyHeader" time="0.38" classname="Academy.LandingPageVerify">
    <skipped/>
  </testcase> <!-- verifyHeader -->
</testsuite> <!-- Verifying page title -->
