<?xml version="1.0" encoding="UTF-8"?>
<!-- Generated by org.testng.reporters.JUnitXMLReporter -->
<testsuite hostname="DESKTOP-3MLRAML" name="Verifying page title" tests="2" failures="1" timestamp="23 Aug 2021 14:23:12 GMT" time="29.115" errors="0">
  <testcase name="verifyAppTitle" time="0.328" classname="Academy.LandingPageVerify">
    <failure type="java.lang.AssertionError" message="expected [FEATURED23 COURSES] but found [FEATURED COURSES]">
      <![CDATA[java.lang.AssertionError: expected [FEATURED23 COURSES] but found [FEATURED COURSES]
	at Academy.LandingPageVerify.verifyAppTitle(LandingPageVerify.java:26)
	at java.util.concurrent.FutureTask.run(FutureTask.java:266)
	at java.util.concurrent.ThreadPoolExecutor.runWorker(ThreadPoolExecutor.java:1149)
	at java.util.concurrent.ThreadPoolExecutor$Worker.run(ThreadPoolExecutor.java:624)
	at java.lang.Thread.run(Thread.java:748)
... Removed 21 stack frames]]>
    </failure>
  </testcase> <!-- verifyAppTitle -->
  <testcase name="verifyHeader" time="0.001" classname="Academy.LandingPageVerify"/>
</testsuite> <!-- Verifying page title -->
