<?xml version="1.0" encoding="UTF-8"?>
<testng-results skipped="2" failed="0" total="2" passed="0">
  <reporter-output>
  </reporter-output>
  <suite name="Suite" duration-ms="409" started-at="2023-07-31T22:40:24Z" finished-at="2023-07-31T22:40:24Z">
    <groups>
    </groups>
    <test name="App Test" duration-ms="4" started-at="2023-07-31T22:40:24Z" finished-at="2023-07-31T22:40:24Z">
    </test> <!-- App Test -->
    <test name="Verifying page title" duration-ms="409" started-at="2023-07-31T22:40:24Z" finished-at="2023-07-31T22:40:24Z">
      <class name="Academy.LandingPageVerify">
        <test-method status="FAIL" signature="initilizeDriver1()[pri:0, instance:Academy.LandingPageVerify@41d477ed]" name="initilizeDriver1" is-config="true" duration-ms="0" started-at="2023-07-31T17:40:24Z" finished-at="2023-07-31T17:40:24Z">
          <exception class="java.lang.NullPointerException">
            <full-stacktrace>
              <![CDATA[java.lang.NullPointerException
	at resources.base.initializeDriver(base.java:57)
	at Academy.LandingPageVerify.initilizeDriver1(LandingPageVerify.java:23)
	at sun.reflect.NativeMethodAccessorImpl.invoke0(Native Method)
	at sun.reflect.NativeMethodAccessorImpl.invoke(NativeMethodAccessorImpl.java:62)
	at sun.reflect.DelegatingMethodAccessorImpl.invoke(DelegatingMethodAccessorImpl.java:43)
	at java.lang.reflect.Method.invoke(Method.java:498)
	at org.testng.internal.MethodInvocationHelper.invokeMethod(MethodInvocationHelper.java:80)
	at org.testng.internal.Invoker.invokeConfigurationMethod(Invoker.java:564)
	at org.testng.internal.Invoker.invokeConfigurations(Invoker.java:213)
	at org.testng.internal.Invoker.invokeConfigurations(Invoker.java:138)
	at org.testng.TestRunner.beforeRun(TestRunner.java:641)
	at org.testng.TestRunner.run(TestRunner.java:609)
	at org.testng.SuiteRunner.runTest(SuiteRunner.java:334)
	at org.testng.SuiteRunner.access$000(SuiteRunner.java:37)
	at org.testng.SuiteRunner$SuiteWorker.run(SuiteRunner.java:368)
	at org.testng.internal.thread.ThreadUtil$2.call(ThreadUtil.java:64)
	at java.util.concurrent.FutureTask.run(FutureTask.java:266)
	at java.util.concurrent.ThreadPoolExecutor.runWorker(ThreadPoolExecutor.java:1149)
	at java.util.concurrent.ThreadPoolExecutor$Worker.run(ThreadPoolExecutor.java:624)
	at java.lang.Thread.run(Thread.java:748)
]]>
            </full-stacktrace>
          </exception> <!-- java.lang.NullPointerException -->
          <reporter-output>
          </reporter-output>
        </test-method> <!-- initilizeDriver1 -->
        <test-method status="SKIP" signature="verifyAppTitle()[pri:0, instance:Academy.LandingPageVerify@41d477ed]" name="verifyAppTitle" duration-ms="4" started-at="2023-07-31T17:40:24Z" finished-at="2023-07-31T17:40:24Z">
          <reporter-output>
          </reporter-output>
        </test-method> <!-- verifyAppTitle -->
        <test-method status="SKIP" signature="verifyHeader()[pri:0, instance:Academy.LandingPageVerify@41d477ed]" name="verifyHeader" duration-ms="380" started-at="2023-07-31T17:40:24Z" finished-at="2023-07-31T17:40:24Z">
          <reporter-output>
          </reporter-output>
        </test-method> <!-- verifyHeader -->
        <test-method status="SKIP" signature="tearDown()[pri:0, instance:Academy.LandingPageVerify@41d477ed]" name="tearDown" is-config="true" duration-ms="0" started-at="2023-07-31T17:40:24Z" finished-at="2023-07-31T17:40:24Z">
          <reporter-output>
          </reporter-output>
        </test-method> <!-- tearDown -->
      </class> <!-- Academy.LandingPageVerify -->
    </test> <!-- Verifying page title -->
  </suite> <!-- Suite -->
</testng-results>
