<?xml version="1.0" encoding="UTF-8"?>
<testng-results skipped="0" failed="1" total="2" passed="1">
  <reporter-output>
  </reporter-output>
  <suite name="Suite" duration-ms="10978" started-at="2023-07-30T23:04:39Z" finished-at="2023-07-30T23:04:50Z">
    <groups>
    </groups>
    <test name="App Test" duration-ms="5" started-at="2023-07-30T23:04:39Z" finished-at="2023-07-30T23:04:39Z">
    </test> <!-- App Test -->
    <test name="Verifying page title" duration-ms="10978" started-at="2023-07-30T23:04:39Z" finished-at="2023-07-30T23:04:50Z">
      <class name="Academy.LandingPageVerify">
        <test-method status="PASS" signature="initilizeDriver1()[pri:0, instance:Academy.LandingPageVerify@35cabb2a]" name="initilizeDriver1" is-config="true" duration-ms="9277" started-at="2023-07-30T18:04:39Z" finished-at="2023-07-30T18:04:48Z">
          <reporter-output>
          </reporter-output>
        </test-method> <!-- initilizeDriver1 -->
        <test-method status="FAIL" signature="verifyAppTitle()[pri:0, instance:Academy.LandingPageVerify@35cabb2a]" name="verifyAppTitle" duration-ms="1295" started-at="2023-07-30T18:04:48Z" finished-at="2023-07-30T18:04:50Z">
          <exception class="org.openqa.selenium.ElementClickInterceptedException">
            <message>
              <![CDATA[element click intercepted: Element <a href="https://www.udemy.com/user/testing-minds/" class="main-btn">...</a> is not clickable at point (1142, 124). Other element would receive the click: <div class="preloader">...</div>
  (Session info: headless chrome=115.0.5790.110)
Build info: version: '3.141.59', revision: 'e82be7d358', time: '2018-11-14T08:17:03'
System info: host: 'DESKTOP-3MLRAML', ip: '10.0.0.138', os.name: 'Windows 10', os.arch: 'amd64', os.version: '10.0', java.version: '1.8.0_291'
Driver info: org.openqa.selenium.chrome.ChromeDriver
Capabilities {acceptInsecureCerts: false, browserName: chrome, browserVersion: 115.0.5790.110, chrome: {chromedriverVersion: 114.0.5735.90 (386bc09e8f4f..., userDataDir: C:\Users\ala12\AppData\Loca...}, goog:chromeOptions: {debuggerAddress: localhost:61082}, javascriptEnabled: true, networkConnectionEnabled: false, pageLoadStrategy: eager, platform: WINDOWS, platformName: WINDOWS, proxy: Proxy(), setWindowRect: true, strictFileInteractability: false, timeouts: {implicit: 0, pageLoad: 300000, script: 30000}, unhandledPromptBehavior: dismiss and notify, webauthn:extension:credBlob: true, webauthn:extension:largeBlob: true, webauthn:extension:minPinLength: true, webauthn:extension:prf: true, webauthn:virtualAuthenticators: true}
Session ID: eb049db7847965ccdd70484eec97dcec]]>
            </message>
            <full-stacktrace>
              <![CDATA[org.openqa.selenium.ElementClickInterceptedException: element click intercepted: Element <a href="https://www.udemy.com/user/testing-minds/" class="main-btn">...</a> is not clickable at point (1142, 124). Other element would receive the click: <div class="preloader">...</div>
  (Session info: headless chrome=115.0.5790.110)
Build info: version: '3.141.59', revision: 'e82be7d358', time: '2018-11-14T08:17:03'
System info: host: 'DESKTOP-3MLRAML', ip: '10.0.0.138', os.name: 'Windows 10', os.arch: 'amd64', os.version: '10.0', java.version: '1.8.0_291'
Driver info: org.openqa.selenium.chrome.ChromeDriver
Capabilities {acceptInsecureCerts: false, browserName: chrome, browserVersion: 115.0.5790.110, chrome: {chromedriverVersion: 114.0.5735.90 (386bc09e8f4f..., userDataDir: C:\Users\ala12\AppData\Loca...}, goog:chromeOptions: {debuggerAddress: localhost:61082}, javascriptEnabled: true, networkConnectionEnabled: false, pageLoadStrategy: eager, platform: WINDOWS, platformName: WINDOWS, proxy: Proxy(), setWindowRect: true, strictFileInteractability: false, timeouts: {implicit: 0, pageLoad: 300000, script: 30000}, unhandledPromptBehavior: dismiss and notify, webauthn:extension:credBlob: true, webauthn:extension:largeBlob: true, webauthn:extension:minPinLength: true, webauthn:extension:prf: true, webauthn:virtualAuthenticators: true}
Session ID: eb049db7847965ccdd70484eec97dcec
	at sun.reflect.NativeConstructorAccessorImpl.newInstance0(Native Method)
	at sun.reflect.NativeConstructorAccessorImpl.newInstance(NativeConstructorAccessorImpl.java:62)
	at sun.reflect.DelegatingConstructorAccessorImpl.newInstance(DelegatingConstructorAccessorImpl.java:45)
	at java.lang.reflect.Constructor.newInstance(Constructor.java:423)
	at org.openqa.selenium.remote.http.W3CHttpResponseCodec.createException(W3CHttpResponseCodec.java:187)
	at org.openqa.selenium.remote.http.W3CHttpResponseCodec.decode(W3CHttpResponseCodec.java:122)
	at org.openqa.selenium.remote.http.W3CHttpResponseCodec.decode(W3CHttpResponseCodec.java:49)
	at org.openqa.selenium.remote.HttpCommandExecutor.execute(HttpCommandExecutor.java:158)
	at org.openqa.selenium.remote.service.DriverCommandExecutor.execute(DriverCommandExecutor.java:83)
	at org.openqa.selenium.remote.RemoteWebDriver.execute(RemoteWebDriver.java:552)
	at org.openqa.selenium.remote.RemoteWebElement.execute(RemoteWebElement.java:285)
	at org.openqa.selenium.remote.RemoteWebElement.click(RemoteWebElement.java:84)
	at Academy.LandingPageVerify.verifyAppTitle(LandingPageVerify.java:32)
	at sun.reflect.NativeMethodAccessorImpl.invoke0(Native Method)
	at sun.reflect.NativeMethodAccessorImpl.invoke(NativeMethodAccessorImpl.java:62)
	at sun.reflect.DelegatingMethodAccessorImpl.invoke(DelegatingMethodAccessorImpl.java:43)
	at java.lang.reflect.Method.invoke(Method.java:498)
	at org.testng.internal.MethodInvocationHelper.invokeMethod(MethodInvocationHelper.java:80)
	at org.testng.internal.Invoker.invokeMethod(Invoker.java:714)
	at org.testng.internal.Invoker.invokeTestMethod(Invoker.java:901)
	at org.testng.internal.Invoker.invokeTestMethods(Invoker.java:1231)
	at org.testng.internal.TestMethodWorker.invokeTestMethods(TestMethodWorker.java:127)
	at org.testng.internal.TestMethodWorker.run(TestMethodWorker.java:111)
	at org.testng.TestRunner.privateRun(TestRunner.java:767)
	at org.testng.TestRunner.run(TestRunner.java:617)
	at org.testng.SuiteRunner.runTest(SuiteRunner.java:334)
	at org.testng.SuiteRunner.access$000(SuiteRunner.java:37)
	at org.testng.SuiteRunner$SuiteWorker.run(SuiteRunner.java:368)
	at org.testng.internal.thread.ThreadUtil$2.call(ThreadUtil.java:64)
	at java.util.concurrent.FutureTask.run(FutureTask.java:266)
	at java.util.concurrent.ThreadPoolExecutor.runWorker(ThreadPoolExecutor.java:1149)
	at java.util.concurrent.ThreadPoolExecutor$Worker.run(ThreadPoolExecutor.java:624)
	at java.lang.Thread.run(Thread.java:748)
]]>
            </full-stacktrace>
          </exception> <!-- org.openqa.selenium.ElementClickInterceptedException -->
          <reporter-output>
          </reporter-output>
        </test-method> <!-- verifyAppTitle -->
        <test-method status="PASS" signature="verifyHeader()[pri:0, instance:Academy.LandingPageVerify@35cabb2a]" name="verifyHeader" duration-ms="2" started-at="2023-07-30T18:04:50Z" finished-at="2023-07-30T18:04:50Z">
          <reporter-output>
          </reporter-output>
        </test-method> <!-- verifyHeader -->
        <test-method status="PASS" signature="tearDown()[pri:0, instance:Academy.LandingPageVerify@35cabb2a]" name="tearDown" is-config="true" duration-ms="132" started-at="2023-07-30T18:04:50Z" finished-at="2023-07-30T18:04:50Z">
          <reporter-output>
          </reporter-output>
        </test-method> <!-- tearDown -->
      </class> <!-- Academy.LandingPageVerify -->
    </test> <!-- Verifying page title -->
  </suite> <!-- Suite -->
</testng-results>
