<?xml version="1.0" encoding="UTF-8"?>
<testng-results skipped="0" failed="1" total="5" passed="4">
  <reporter-output>
  </reporter-output>
  <suite name="Suite" duration-ms="38252" started-at="2021-08-23T14:22:43Z" finished-at="2021-08-23T14:23:21Z">
    <groups>
    </groups>
    <test name="App Test" duration-ms="15" started-at="2021-08-23T14:22:43Z" finished-at="2021-08-23T14:22:43Z">
    </test> <!-- App Test -->
    <test name="Verifying navbar links display" duration-ms="26587" started-at="2021-08-23T14:22:43Z" finished-at="2021-08-23T14:23:10Z">
      <class name="Academy.VerifyNavBar">
        <test-method status="PASS" signature="initilizeDriver()[pri:0, instance:Academy.VerifyNavBar@50f6ac94]" name="initilizeDriver" is-config="true" duration-ms="24585" started-at="2021-08-23T10:22:43Z" finished-at="2021-08-23T10:23:08Z">
          <reporter-output>
          </reporter-output>
        </test-method> <!-- initilizeDriver -->
        <test-method status="PASS" signature="verifyNavBarDisplay()[pri:0, instance:Academy.VerifyNavBar@50f6ac94]" name="verifyNavBarDisplay" duration-ms="367" started-at="2021-08-23T10:23:08Z" finished-at="2021-08-23T10:23:08Z">
          <reporter-output>
          </reporter-output>
        </test-method> <!-- verifyNavBarDisplay -->
        <test-method status="PASS" signature="tearDown()[pri:0, instance:Academy.VerifyNavBar@50f6ac94]" name="tearDown" is-config="true" duration-ms="1627" started-at="2021-08-23T10:23:08Z" finished-at="2021-08-23T10:23:10Z">
          <reporter-output>
          </reporter-output>
        </test-method> <!-- tearDown -->
      </class> <!-- Academy.VerifyNavBar -->
    </test> <!-- Verifying navbar links display -->
    <test name="Verifying page title" duration-ms="29115" started-at="2021-08-23T14:22:43Z" finished-at="2021-08-23T14:23:12Z">
      <class name="Academy.LandingPageVerify">
        <test-method status="PASS" signature="initilizeDriver()[pri:0, instance:Academy.LandingPageVerify@222545dc]" name="initilizeDriver" is-config="true" duration-ms="24527" started-at="2021-08-23T10:22:43Z" finished-at="2021-08-23T10:23:07Z">
          <reporter-output>
          </reporter-output>
        </test-method> <!-- initilizeDriver -->
        <test-method status="FAIL" signature="verifyAppTitle()[pri:0, instance:Academy.LandingPageVerify@222545dc]" name="verifyAppTitle" duration-ms="328" started-at="2021-08-23T10:23:07Z" finished-at="2021-08-23T10:23:08Z">
          <exception class="java.lang.AssertionError">
            <message>
              <![CDATA[expected [FEATURED23 COURSES] but found [FEATURED COURSES]]]>
            </message>
            <full-stacktrace>
              <![CDATA[java.lang.AssertionError: expected [FEATURED23 COURSES] but found [FEATURED COURSES]
	at org.testng.Assert.fail(Assert.java:94)
	at org.testng.Assert.failNotEquals(Assert.java:494)
	at org.testng.Assert.assertEquals(Assert.java:123)
	at org.testng.Assert.assertEquals(Assert.java:176)
	at org.testng.Assert.assertEquals(Assert.java:186)
	at Academy.LandingPageVerify.verifyAppTitle(LandingPageVerify.java:26)
	at sun.reflect.NativeMethodAccessorImpl.invoke0(Native Method)
	at sun.reflect.NativeMethodAccessorImpl.invoke(NativeMethodAccessorImpl.java:62)
	at sun.reflect.DelegatingMethodAccessorImpl.invoke(DelegatingMethodAccessorImpl.java:43)
	at java.lang.reflect.Method.invoke(Method.java:498)
	at org.testng.internal.MethodInvocationHelper.invokeMethod(MethodInvocationHelper.java:80)
	at org.testng.internal.Invoker.invokeMethod(Invoker.java:714)
	at org.testng.internal.Invoker.invokeTestMethod(Invoker.java:901)
	at org.testng.internal.Invoker.invokeTestMethods(Invoker.java:1231)
	at org.testng.internal.TestMethodWorker.invokeTestMethods(TestMethodWorker.java:127)
	at org.testng.internal.TestMethodWorker.run(TestMethodWorker.java:111)
	at org.testng.TestRunner.privateRun(TestRunner.java:767)
	at org.testng.TestRunner.run(TestRunner.java:617)
	at org.testng.SuiteRunner.runTest(SuiteRunner.java:334)
	at org.testng.SuiteRunner.access$000(SuiteRunner.java:37)
	at org.testng.SuiteRunner$SuiteWorker.run(SuiteRunner.java:368)
	at org.testng.internal.thread.ThreadUtil$2.call(ThreadUtil.java:64)
	at java.util.concurrent.FutureTask.run(FutureTask.java:266)
	at java.util.concurrent.ThreadPoolExecutor.runWorker(ThreadPoolExecutor.java:1149)
	at java.util.concurrent.ThreadPoolExecutor$Worker.run(ThreadPoolExecutor.java:624)
	at java.lang.Thread.run(Thread.java:748)
]]>
            </full-stacktrace>
          </exception> <!-- java.lang.AssertionError -->
          <reporter-output>
          </reporter-output>
        </test-method> <!-- verifyAppTitle -->
        <test-method status="PASS" signature="verifyHeader()[pri:0, instance:Academy.LandingPageVerify@222545dc]" name="verifyHeader" duration-ms="1" started-at="2021-08-23T10:23:11Z" finished-at="2021-08-23T10:23:11Z">
          <reporter-output>
          </reporter-output>
        </test-method> <!-- verifyHeader -->
        <test-method status="PASS" signature="tearDown()[pri:0, instance:Academy.LandingPageVerify@222545dc]" name="tearDown" is-config="true" duration-ms="575" started-at="2021-08-23T10:23:11Z" finished-at="2021-08-23T10:23:12Z">
          <reporter-output>
          </reporter-output>
        </test-method> <!-- tearDown -->
      </class> <!-- Academy.LandingPageVerify -->
    </test> <!-- Verifying page title -->
    <test name="Verifying Login" duration-ms="38250" started-at="2021-08-23T14:22:43Z" finished-at="2021-08-23T14:23:21Z">
      <class name="Academy.HomePage">
        <test-method status="PASS" signature="initilizeDriver()[pri:0, instance:Academy.HomePage@24105dc5]" name="initilizeDriver" is-config="true" duration-ms="12460" started-at="2021-08-23T10:22:43Z" finished-at="2021-08-23T10:22:55Z">
          <reporter-output>
          </reporter-output>
        </test-method> <!-- initilizeDriver -->
        <test-method status="PASS" signature="verifyLogin(java.lang.String, java.lang.String, java.lang.String)[pri:0, instance:Academy.HomePage@24105dc5]" name="verifyLogin" duration-ms="19157" started-at="2021-08-23T10:22:55Z" data-provider="getData" finished-at="2021-08-23T10:23:15Z">
          <params>
            <param index="0">
              <value>
                <![CDATA[nonres@qw.com]]>
              </value>
            </param>
            <param index="1">
              <value>
                <![CDATA[1233!]]>
              </value>
            </param>
            <param index="2">
              <value>
                <![CDATA[non restricted]]>
              </value>
            </param>
          </params>
          <reporter-output>
          </reporter-output>
        </test-method> <!-- verifyLogin -->
        <test-method status="PASS" signature="verifyLogin(java.lang.String, java.lang.String, java.lang.String)[pri:0, instance:Academy.HomePage@24105dc5]" name="verifyLogin" duration-ms="6318" started-at="2021-08-23T10:23:15Z" data-provider="getData" finished-at="2021-08-23T10:23:21Z">
          <params>
            <param index="0">
              <value>
                <![CDATA[res@qw.com]]>
              </value>
            </param>
            <param index="1">
              <value>
                <![CDATA[1234!]]>
              </value>
            </param>
            <param index="2">
              <value>
                <![CDATA[restricted]]>
              </value>
            </param>
          </params>
          <reporter-output>
          </reporter-output>
        </test-method> <!-- verifyLogin -->
        <test-method status="PASS" signature="tearDown()[pri:0, instance:Academy.HomePage@24105dc5]" name="tearDown" is-config="true" duration-ms="269" started-at="2021-08-23T10:23:21Z" finished-at="2021-08-23T10:23:21Z">
          <reporter-output>
          </reporter-output>
        </test-method> <!-- tearDown -->
      </class> <!-- Academy.HomePage -->
    </test> <!-- Verifying Login -->
  </suite> <!-- Suite -->
</testng-results>
