<?xml version="1.0" encoding="UTF-8"?>
<testng-results skipped="0" failed="0" total="4" passed="4">
  <reporter-output>
  </reporter-output>
  <suite name="Suite" duration-ms="29093" started-at="2021-07-11T19:34:43Z" finished-at="2021-07-11T19:35:12Z">
    <groups>
    </groups>
    <test name="Test" duration-ms="29093" started-at="2021-07-11T19:34:43Z" finished-at="2021-07-11T19:35:12Z">
      <class name="Academy.HomePage">
        <test-method status="PASS" signature="initilizeDriver()[pri:0, instance:Academy.HomePage@7692d9cc]" name="initilizeDriver" is-config="true" duration-ms="2693" started-at="2021-07-11T15:34:43Z" finished-at="2021-07-11T15:34:46Z">
          <reporter-output>
          </reporter-output>
        </test-method> <!-- initilizeDriver -->
        <test-method status="PASS" signature="initilizeDriver()[pri:0, instance:Academy.LandingPageVerify@75f32542]" name="initilizeDriver" is-config="true" duration-ms="6256" started-at="2021-07-11T15:34:46Z" finished-at="2021-07-11T15:34:52Z">
          <reporter-output>
          </reporter-output>
        </test-method> <!-- initilizeDriver -->
        <test-method status="PASS" signature="initilizeDriver()[pri:0, instance:Academy.VerifyNavBar@6293abcc]" name="initilizeDriver" is-config="true" duration-ms="5870" started-at="2021-07-11T15:34:52Z" finished-at="2021-07-11T15:34:58Z">
          <reporter-output>
          </reporter-output>
        </test-method> <!-- initilizeDriver -->
        <test-method status="PASS" signature="verifyLogin(java.lang.String, java.lang.String, java.lang.String)[pri:0, instance:Academy.HomePage@7692d9cc]" name="verifyLogin" duration-ms="8032" started-at="2021-07-11T15:34:58Z" data-provider="getData" finished-at="2021-07-11T15:35:06Z">
          <params>
            <param index="0">
              <value>
                <![CDATA[nonres@qw.com]]>
              </value>
            </param>
            <param index="1">
              <value>
                <![CDATA[1233!]]>
              </value>
            </param>
            <param index="2">
              <value>
                <![CDATA[non restricted]]>
              </value>
            </param>
          </params>
          <reporter-output>
          </reporter-output>
        </test-method> <!-- verifyLogin -->
        <test-method status="PASS" signature="verifyLogin(java.lang.String, java.lang.String, java.lang.String)[pri:0, instance:Academy.HomePage@7692d9cc]" name="verifyLogin" duration-ms="5254" started-at="2021-07-11T15:35:06Z" data-provider="getData" finished-at="2021-07-11T15:35:11Z">
          <params>
            <param index="0">
              <value>
                <![CDATA[res@qw.com]]>
              </value>
            </param>
            <param index="1">
              <value>
                <![CDATA[1234!]]>
              </value>
            </param>
            <param index="2">
              <value>
                <![CDATA[restricted]]>
              </value>
            </param>
          </params>
          <reporter-output>
          </reporter-output>
        </test-method> <!-- verifyLogin -->
        <test-method status="PASS" signature="tearDown()[pri:0, instance:Academy.HomePage@7692d9cc]" name="tearDown" is-config="true" duration-ms="195" started-at="2021-07-11T15:35:11Z" finished-at="2021-07-11T15:35:12Z">
          <reporter-output>
          </reporter-output>
        </test-method> <!-- tearDown -->
        <test-method status="PASS" signature="tearDown()[pri:0, instance:Academy.LandingPageVerify@75f32542]" name="tearDown" is-config="true" duration-ms="190" started-at="2021-07-11T15:35:12Z" finished-at="2021-07-11T15:35:12Z">
          <reporter-output>
          </reporter-output>
        </test-method> <!-- tearDown -->
        <test-method status="PASS" signature="tearDown()[pri:0, instance:Academy.VerifyNavBar@6293abcc]" name="tearDown" is-config="true" duration-ms="167" started-at="2021-07-11T15:35:12Z" finished-at="2021-07-11T15:35:12Z">
          <reporter-output>
          </reporter-output>
        </test-method> <!-- tearDown -->
      </class> <!-- Academy.HomePage -->
      <class name="Academy.LandingPageVerify">
        <test-method status="PASS" signature="verifyPageTitle()[pri:0, instance:Academy.LandingPageVerify@75f32542]" name="verifyPageTitle" duration-ms="120" started-at="2021-07-11T15:34:58Z" finished-at="2021-07-11T15:34:58Z">
          <reporter-output>
          </reporter-output>
        </test-method> <!-- verifyPageTitle -->
      </class> <!-- Academy.LandingPageVerify -->
      <class name="Academy.VerifyNavBar">
        <test-method status="PASS" signature="verifyNavBarDisplay()[pri:0, instance:Academy.VerifyNavBar@6293abcc]" name="verifyNavBarDisplay" duration-ms="284" started-at="2021-07-11T15:35:11Z" finished-at="2021-07-11T15:35:11Z">
          <reporter-output>
          </reporter-output>
        </test-method> <!-- verifyNavBarDisplay -->
      </class> <!-- Academy.VerifyNavBar -->
    </test> <!-- Test -->
  </suite> <!-- Suite -->
</testng-results>
