-------------------------------------------------------------------------------
Test set: TestSuite
-------------------------------------------------------------------------------
Tests run: 5, Failures: 1, Errors: 0, Skipped: 0, Time elapsed: 27.919 s <<< FAILURE! - in TestSuite
Academy.LandingPageVerify.verifyAppTitle  Time elapsed: 0.175 s  <<< FAILURE!
java.lang.AssertionError: expected [FEATURED23 COURSES] but found [FEATURED COURSES]
	at Academy.LandingPageVerify.verifyAppTitle(LandingPageVerify.java:26)

