<?xml version="1.0" encoding="UTF-8"?>
<testng-results skipped="0" failed="1" total="4" passed="3">
  <reporter-output>
  </reporter-output>
  <suite name="Suite" duration-ms="17949" started-at="2021-07-12T14:22:46Z" finished-at="2021-07-12T14:23:04Z">
    <groups>
    </groups>
    <test name="App Test" duration-ms="5" started-at="2021-07-12T14:22:46Z" finished-at="2021-07-12T14:22:46Z">
    </test> <!-- App Test -->
    <test name="Verifying navbar links display" duration-ms="12068" started-at="2021-07-12T14:22:46Z" finished-at="2021-07-12T14:22:58Z">
      <class name="Academy.VerifyNavBar">
        <test-method status="PASS" signature="initilizeDriver()[pri:0, instance:Academy.VerifyNavBar@7cbd9d24]" name="initilizeDriver" is-config="true" duration-ms="10910" started-at="2021-07-12T10:22:46Z" finished-at="2021-07-12T10:22:57Z">
          <reporter-output>
          </reporter-output>
        </test-method> <!-- initilizeDriver -->
        <test-method status="PASS" signature="verifyNavBarDisplay()[pri:0, instance:Academy.VerifyNavBar@7cbd9d24]" name="verifyNavBarDisplay" duration-ms="413" started-at="2021-07-12T10:22:57Z" finished-at="2021-07-12T10:22:57Z">
          <reporter-output>
          </reporter-output>
        </test-method> <!-- verifyNavBarDisplay -->
        <test-method status="PASS" signature="tearDown()[pri:0, instance:Academy.VerifyNavBar@7cbd9d24]" name="tearDown" is-config="true" duration-ms="728" started-at="2021-07-12T10:22:57Z" finished-at="2021-07-12T10:22:58Z">
          <reporter-output>
          </reporter-output>
        </test-method> <!-- tearDown -->
      </class> <!-- Academy.VerifyNavBar -->
    </test> <!-- Verifying navbar links display -->
    <test name="Verifying page title" duration-ms="13564" started-at="2021-07-12T14:22:46Z" finished-at="2021-07-12T14:22:59Z">
      <class name="Academy.LandingPageVerify">
        <test-method status="PASS" signature="initilizeDriver()[pri:0, instance:Academy.LandingPageVerify@8f4ea7c]" name="initilizeDriver" is-config="true" duration-ms="11765" started-at="2021-07-12T10:22:46Z" finished-at="2021-07-12T10:22:58Z">
          <reporter-output>
          </reporter-output>
        </test-method> <!-- initilizeDriver -->
        <test-method status="FAIL" signature="verifyAppTitle()[pri:0, instance:Academy.LandingPageVerify@8f4ea7c]" name="verifyAppTitle" duration-ms="85" started-at="2021-07-12T10:22:58Z" finished-at="2021-07-12T10:22:58Z">
          <exception class="java.lang.AssertionError">
            <message>
              <![CDATA[expected [FEATURED23 COURSES] but found [FEATURED COURSES]]]>
            </message>
            <full-stacktrace>
              <![CDATA[java.lang.AssertionError: expected [FEATURED23 COURSES] but found [FEATURED COURSES]
	at org.testng.Assert.fail(Assert.java:94)
	at org.testng.Assert.failNotEquals(Assert.java:494)
	at org.testng.Assert.assertEquals(Assert.java:123)
	at org.testng.Assert.assertEquals(Assert.java:176)
	at org.testng.Assert.assertEquals(Assert.java:186)
	at Academy.LandingPageVerify.verifyAppTitle(LandingPageVerify.java:26)
	at sun.reflect.NativeMethodAccessorImpl.invoke0(Native Method)
	at sun.reflect.NativeMethodAccessorImpl.invoke(NativeMethodAccessorImpl.java:62)
	at sun.reflect.DelegatingMethodAccessorImpl.invoke(DelegatingMethodAccessorImpl.java:43)
	at java.lang.reflect.Method.invoke(Method.java:498)
	at org.testng.internal.MethodInvocationHelper.invokeMethod(MethodInvocationHelper.java:80)
	at org.testng.internal.Invoker.invokeMethod(Invoker.java:714)
	at org.testng.internal.Invoker.invokeTestMethod(Invoker.java:901)
	at org.testng.internal.Invoker.invokeTestMethods(Invoker.java:1231)
	at org.testng.internal.TestMethodWorker.invokeTestMethods(TestMethodWorker.java:127)
	at org.testng.internal.TestMethodWorker.run(TestMethodWorker.java:111)
	at org.testng.TestRunner.privateRun(TestRunner.java:767)
	at org.testng.TestRunner.run(TestRunner.java:617)
	at org.testng.SuiteRunner.runTest(SuiteRunner.java:334)
	at org.testng.SuiteRunner.access$000(SuiteRunner.java:37)
	at org.testng.SuiteRunner$SuiteWorker.run(SuiteRunner.java:368)
	at org.testng.internal.thread.ThreadUtil$2.call(ThreadUtil.java:64)
	at java.util.concurrent.FutureTask.run(FutureTask.java:266)
	at java.util.concurrent.ThreadPoolExecutor.runWorker(ThreadPoolExecutor.java:1149)
	at java.util.concurrent.ThreadPoolExecutor$Worker.run(ThreadPoolExecutor.java:624)
	at java.lang.Thread.run(Thread.java:748)
]]>
            </full-stacktrace>
          </exception> <!-- java.lang.AssertionError -->
          <reporter-output>
          </reporter-output>
        </test-method> <!-- verifyAppTitle -->
        <test-method status="PASS" signature="tearDown()[pri:0, instance:Academy.LandingPageVerify@8f4ea7c]" name="tearDown" is-config="true" duration-ms="366" started-at="2021-07-12T10:22:59Z" finished-at="2021-07-12T10:22:59Z">
          <reporter-output>
          </reporter-output>
        </test-method> <!-- tearDown -->
      </class> <!-- Academy.LandingPageVerify -->
    </test> <!-- Verifying page title -->
    <test name="Verifying Login" duration-ms="17949" started-at="2021-07-12T14:22:46Z" finished-at="2021-07-12T14:23:04Z">
      <class name="Academy.HomePage">
        <test-method status="PASS" signature="initilizeDriver()[pri:0, instance:Academy.HomePage@b978d10]" name="initilizeDriver" is-config="true" duration-ms="3689" started-at="2021-07-12T10:22:46Z" finished-at="2021-07-12T10:22:50Z">
          <reporter-output>
          </reporter-output>
        </test-method> <!-- initilizeDriver -->
        <test-method status="PASS" signature="verifyLogin(java.lang.String, java.lang.String, java.lang.String)[pri:0, instance:Academy.HomePage@b978d10]" name="verifyLogin" duration-ms="10548" started-at="2021-07-12T10:22:50Z" data-provider="getData" finished-at="2021-07-12T10:23:00Z">
          <params>
            <param index="0">
              <value>
                <![CDATA[nonres@qw.com]]>
              </value>
            </param>
            <param index="1">
              <value>
                <![CDATA[1233!]]>
              </value>
            </param>
            <param index="2">
              <value>
                <![CDATA[non restricted]]>
              </value>
            </param>
          </params>
          <reporter-output>
          </reporter-output>
        </test-method> <!-- verifyLogin -->
        <test-method status="PASS" signature="verifyLogin(java.lang.String, java.lang.String, java.lang.String)[pri:0, instance:Academy.HomePage@b978d10]" name="verifyLogin" duration-ms="3440" started-at="2021-07-12T10:23:00Z" data-provider="getData" finished-at="2021-07-12T10:23:04Z">
          <params>
            <param index="0">
              <value>
                <![CDATA[res@qw.com]]>
              </value>
            </param>
            <param index="1">
              <value>
                <![CDATA[1234!]]>
              </value>
            </param>
            <param index="2">
              <value>
                <![CDATA[restricted]]>
              </value>
            </param>
          </params>
          <reporter-output>
          </reporter-output>
        </test-method> <!-- verifyLogin -->
        <test-method status="PASS" signature="tearDown()[pri:0, instance:Academy.HomePage@b978d10]" name="tearDown" is-config="true" duration-ms="252" started-at="2021-07-12T10:23:04Z" finished-at="2021-07-12T10:23:04Z">
          <reporter-output>
          </reporter-output>
        </test-method> <!-- tearDown -->
      </class> <!-- Academy.HomePage -->
    </test> <!-- Verifying Login -->
  </suite> <!-- Suite -->
</testng-results>
