<?xml version="1.0" encoding="UTF-8"?>
<testng-results skipped="0" failed="1" total="4" passed="3">
  <reporter-output>
  </reporter-output>
  <suite name="Suite" duration-ms="25620" started-at="2021-07-12T14:08:42Z" finished-at="2021-07-12T14:09:07Z">
    <groups>
    </groups>
    <test name="App Test" duration-ms="11" started-at="2021-07-12T14:08:42Z" finished-at="2021-07-12T14:08:42Z">
    </test> <!-- App Test -->
    <test name="Verifying navbar links display" duration-ms="14568" started-at="2021-07-12T14:08:42Z" finished-at="2021-07-12T14:08:56Z">
      <class name="Academy.VerifyNavBar">
        <test-method status="PASS" signature="initilizeDriver()[pri:0, instance:Academy.VerifyNavBar@147a5d08]" name="initilizeDriver" is-config="true" duration-ms="12627" started-at="2021-07-12T10:08:42Z" finished-at="2021-07-12T10:08:54Z">
          <reporter-output>
          </reporter-output>
        </test-method> <!-- initilizeDriver -->
        <test-method status="PASS" signature="verifyNavBarDisplay()[pri:0, instance:Academy.VerifyNavBar@147a5d08]" name="verifyNavBarDisplay" duration-ms="334" started-at="2021-07-12T10:08:54Z" finished-at="2021-07-12T10:08:55Z">
          <reporter-output>
          </reporter-output>
        </test-method> <!-- verifyNavBarDisplay -->
        <test-method status="PASS" signature="tearDown()[pri:0, instance:Academy.VerifyNavBar@147a5d08]" name="tearDown" is-config="true" duration-ms="1581" started-at="2021-07-12T10:08:55Z" finished-at="2021-07-12T10:08:56Z">
          <reporter-output>
          </reporter-output>
        </test-method> <!-- tearDown -->
      </class> <!-- Academy.VerifyNavBar -->
    </test> <!-- Verifying navbar links display -->
    <test name="Verifying page title" duration-ms="17041" started-at="2021-07-12T14:08:42Z" finished-at="2021-07-12T14:08:59Z">
      <class name="Academy.LandingPageVerify">
        <test-method status="PASS" signature="initilizeDriver()[pri:0, instance:Academy.LandingPageVerify@8f4ea7c]" name="initilizeDriver" is-config="true" duration-ms="13012" started-at="2021-07-12T10:08:42Z" finished-at="2021-07-12T10:08:55Z">
          <reporter-output>
          </reporter-output>
        </test-method> <!-- initilizeDriver -->
        <test-method status="FAIL" signature="verifyAppTitle()[pri:0, instance:Academy.LandingPageVerify@8f4ea7c]" name="verifyAppTitle" duration-ms="199" started-at="2021-07-12T10:08:55Z" finished-at="2021-07-12T10:08:55Z">
          <exception class="java.lang.AssertionError">
            <message>
              <![CDATA[expected [FEATURED23 COURSES] but found [FEATURED COURSES]]]>
            </message>
            <full-stacktrace>
              <![CDATA[java.lang.AssertionError: expected [FEATURED23 COURSES] but found [FEATURED COURSES]
	at org.testng.Assert.fail(Assert.java:94)
	at org.testng.Assert.failNotEquals(Assert.java:494)
	at org.testng.Assert.assertEquals(Assert.java:123)
	at org.testng.Assert.assertEquals(Assert.java:176)
	at org.testng.Assert.assertEquals(Assert.java:186)
	at Academy.LandingPageVerify.verifyAppTitle(LandingPageVerify.java:26)
	at sun.reflect.NativeMethodAccessorImpl.invoke0(Native Method)
	at sun.reflect.NativeMethodAccessorImpl.invoke(NativeMethodAccessorImpl.java:62)
	at sun.reflect.DelegatingMethodAccessorImpl.invoke(DelegatingMethodAccessorImpl.java:43)
	at java.lang.reflect.Method.invoke(Method.java:498)
	at org.testng.internal.MethodInvocationHelper.invokeMethod(MethodInvocationHelper.java:80)
	at org.testng.internal.Invoker.invokeMethod(Invoker.java:714)
	at org.testng.internal.Invoker.invokeTestMethod(Invoker.java:901)
	at org.testng.internal.Invoker.invokeTestMethods(Invoker.java:1231)
	at org.testng.internal.TestMethodWorker.invokeTestMethods(TestMethodWorker.java:127)
	at org.testng.internal.TestMethodWorker.run(TestMethodWorker.java:111)
	at org.testng.TestRunner.privateRun(TestRunner.java:767)
	at org.testng.TestRunner.run(TestRunner.java:617)
	at org.testng.SuiteRunner.runTest(SuiteRunner.java:334)
	at org.testng.SuiteRunner.access$000(SuiteRunner.java:37)
	at org.testng.SuiteRunner$SuiteWorker.run(SuiteRunner.java:368)
	at org.testng.internal.thread.ThreadUtil$2.call(ThreadUtil.java:64)
	at java.util.concurrent.FutureTask.run(FutureTask.java:266)
	at java.util.concurrent.ThreadPoolExecutor.runWorker(ThreadPoolExecutor.java:1149)
	at java.util.concurrent.ThreadPoolExecutor$Worker.run(ThreadPoolExecutor.java:624)
	at java.lang.Thread.run(Thread.java:748)
]]>
            </full-stacktrace>
          </exception> <!-- java.lang.AssertionError -->
          <reporter-output>
          </reporter-output>
        </test-method> <!-- verifyAppTitle -->
        <test-method status="PASS" signature="tearDown()[pri:0, instance:Academy.LandingPageVerify@8f4ea7c]" name="tearDown" is-config="true" duration-ms="1416" started-at="2021-07-12T10:08:57Z" finished-at="2021-07-12T10:08:59Z">
          <reporter-output>
          </reporter-output>
        </test-method> <!-- tearDown -->
      </class> <!-- Academy.LandingPageVerify -->
    </test> <!-- Verifying page title -->
    <test name="Verifying Login" duration-ms="25620" started-at="2021-07-12T14:08:42Z" finished-at="2021-07-12T14:09:07Z">
      <class name="Academy.HomePage">
        <test-method status="PASS" signature="initilizeDriver()[pri:0, instance:Academy.HomePage@727eb8cb]" name="initilizeDriver" is-config="true" duration-ms="4250" started-at="2021-07-12T10:08:42Z" finished-at="2021-07-12T10:08:46Z">
          <reporter-output>
          </reporter-output>
        </test-method> <!-- initilizeDriver -->
        <test-method status="PASS" signature="verifyLogin(java.lang.String, java.lang.String, java.lang.String)[pri:0, instance:Academy.HomePage@727eb8cb]" name="verifyLogin" duration-ms="13418" started-at="2021-07-12T10:08:46Z" data-provider="getData" finished-at="2021-07-12T10:08:59Z">
          <params>
            <param index="0">
              <value>
                <![CDATA[nonres@qw.com]]>
              </value>
            </param>
            <param index="1">
              <value>
                <![CDATA[1233!]]>
              </value>
            </param>
            <param index="2">
              <value>
                <![CDATA[non restricted]]>
              </value>
            </param>
          </params>
          <reporter-output>
          </reporter-output>
        </test-method> <!-- verifyLogin -->
        <test-method status="PASS" signature="verifyLogin(java.lang.String, java.lang.String, java.lang.String)[pri:0, instance:Academy.HomePage@727eb8cb]" name="verifyLogin" duration-ms="6748" started-at="2021-07-12T10:08:59Z" data-provider="getData" finished-at="2021-07-12T10:09:06Z">
          <params>
            <param index="0">
              <value>
                <![CDATA[res@qw.com]]>
              </value>
            </param>
            <param index="1">
              <value>
                <![CDATA[1234!]]>
              </value>
            </param>
            <param index="2">
              <value>
                <![CDATA[restricted]]>
              </value>
            </param>
          </params>
          <reporter-output>
          </reporter-output>
        </test-method> <!-- verifyLogin -->
        <test-method status="PASS" signature="tearDown()[pri:0, instance:Academy.HomePage@727eb8cb]" name="tearDown" is-config="true" duration-ms="1182" started-at="2021-07-12T10:09:06Z" finished-at="2021-07-12T10:09:07Z">
          <reporter-output>
          </reporter-output>
        </test-method> <!-- tearDown -->
      </class> <!-- Academy.HomePage -->
    </test> <!-- Verifying Login -->
  </suite> <!-- Suite -->
</testng-results>
