<?xml version="1.0" encoding="UTF-8"?>
<testng-results skipped="0" failed="0" total="2" passed="2">
  <reporter-output>
  </reporter-output>
  <suite name="Default suite" duration-ms="14438" started-at="2021-07-12T16:10:12Z" finished-at="2021-07-12T16:10:27Z">
    <groups>
    </groups>
    <test name="Default test" duration-ms="14438" started-at="2021-07-12T16:10:12Z" finished-at="2021-07-12T16:10:27Z">
      <class name="Academy.HomePage">
        <test-method status="PASS" signature="initilizeDriver()[pri:0, instance:Academy.HomePage@16612a51]" name="initilizeDriver" is-config="true" duration-ms="2157" started-at="2021-07-12T12:10:12Z" finished-at="2021-07-12T12:10:14Z">
          <reporter-output>
          </reporter-output>
        </test-method> <!-- initilizeDriver -->
        <test-method status="PASS" signature="verifyLogin(java.lang.String, java.lang.String, java.lang.String)[pri:0, instance:Academy.HomePage@16612a51]" name="verifyLogin" duration-ms="6949" started-at="2021-07-12T12:10:14Z" data-provider="getData" finished-at="2021-07-12T12:10:21Z">
          <params>
            <param index="0">
              <value>
                <![CDATA[nonres@qw.com]]>
              </value>
            </param>
            <param index="1">
              <value>
                <![CDATA[1233!]]>
              </value>
            </param>
            <param index="2">
              <value>
                <![CDATA[non restricted]]>
              </value>
            </param>
          </params>
          <reporter-output>
          </reporter-output>
        </test-method> <!-- verifyLogin -->
        <test-method status="PASS" signature="verifyLogin(java.lang.String, java.lang.String, java.lang.String)[pri:0, instance:Academy.HomePage@16612a51]" name="verifyLogin" duration-ms="5130" started-at="2021-07-12T12:10:21Z" data-provider="getData" finished-at="2021-07-12T12:10:26Z">
          <params>
            <param index="0">
              <value>
                <![CDATA[res@qw.com]]>
              </value>
            </param>
            <param index="1">
              <value>
                <![CDATA[1234!]]>
              </value>
            </param>
            <param index="2">
              <value>
                <![CDATA[restricted]]>
              </value>
            </param>
          </params>
          <reporter-output>
          </reporter-output>
        </test-method> <!-- verifyLogin -->
        <test-method status="PASS" signature="tearDown()[pri:0, instance:Academy.HomePage@16612a51]" name="tearDown" is-config="true" duration-ms="159" started-at="2021-07-12T12:10:26Z" finished-at="2021-07-12T12:10:27Z">
          <reporter-output>
          </reporter-output>
        </test-method> <!-- tearDown -->
      </class> <!-- Academy.HomePage -->
    </test> <!-- Default test -->
  </suite> <!-- Default suite -->
</testng-results>
